<?xml version="1.0" encoding="UTF-8"?>
<testsuite name="demo.Test1" tests="1" skipped="0" failures="0" errors="0" timestamp="2020-04-08T14:37:16" hostname="QH-20151024QRMQ" time="0.521">
  <properties/>
  <testcase name="test2" classname="demo.Test1" time="0.521"/>
  <system-out><![CDATA[22:37:13.888 [Test worker] DEBUG org.springframework.test.context.junit4.SpringJUnit4ClassRunner - SpringJUnit4ClassRunner constructor called with [class demo.Test1]
22:37:13.903 [Test worker] DEBUG org.springframework.test.context.BootstrapUtils - Instantiating CacheAwareContextLoaderDelegate from class [org.springframework.test.context.cache.DefaultCacheAwareContextLoaderDelegate]
22:37:13.912 [Test worker] DEBUG org.springframework.test.context.BootstrapUtils - Instantiating BootstrapContext using constructor [public org.springframework.test.context.support.DefaultBootstrapContext(java.lang.Class,org.springframework.test.context.CacheAwareContextLoaderDelegate)]
22:37:13.936 [Test worker] DEBUG org.springframework.test.context.BootstrapUtils - Instantiating TestContextBootstrapper for test class [demo.Test1] from class [org.springframework.boot.test.context.SpringBootTestContextBootstrapper]
22:37:13.954 [Test worker] INFO org.springframework.boot.test.context.SpringBootTestContextBootstrapper - Neither @ContextConfiguration nor @ContextHierarchy found for test class [demo.Test1], using SpringBootContextLoader
22:37:13.958 [Test worker] DEBUG org.springframework.test.context.support.AbstractContextLoader - Did not detect default resource location for test class [demo.Test1]: class path resource [demo/Test1-context.xml] does not exist
22:37:13.959 [Test worker] DEBUG org.springframework.test.context.support.AbstractContextLoader - Did not detect default resource location for test class [demo.Test1]: class path resource [demo/Test1Context.groovy] does not exist
22:37:13.959 [Test worker] INFO org.springframework.test.context.support.AbstractContextLoader - Could not detect default resource locations for test class [demo.Test1]: no resource found for suffixes {-context.xml, Context.groovy}.
22:37:13.960 [Test worker] INFO org.springframework.test.context.support.AnnotationConfigContextLoaderUtils - Could not detect default configuration classes for test class [demo.Test1]: Test1 does not declare any static, non-private, non-final, nested classes annotated with @Configuration.
22:37:14.007 [Test worker] DEBUG org.springframework.test.context.support.ActiveProfilesUtils - Could not find an 'annotation declaring class' for annotation type [org.springframework.test.context.ActiveProfiles] and class [demo.Test1]
22:37:14.017 [Test worker] DEBUG org.springframework.core.env.StandardEnvironment - Adding PropertySource 'systemProperties' with lowest search precedence
22:37:14.017 [Test worker] DEBUG org.springframework.core.env.StandardEnvironment - Adding PropertySource 'systemEnvironment' with lowest search precedence
22:37:14.018 [Test worker] DEBUG org.springframework.core.env.StandardEnvironment - Initialized StandardEnvironment with PropertySources [MapPropertySource@1569439975 {name='systemProperties', properties={java.runtime.name=Java(TM) SE Runtime Environment, sun.boot.library.path=C:\Program Files\Java\jdk1.8.0_191\jre\bin, java.vm.version=25.191-b12, java.vm.vendor=Oracle Corporation, java.vendor.url=http://java.oracle.com/, path.separator=;, java.vm.name=Java HotSpot(TM) 64-Bit Server VM, file.encoding.pkg=sun.io, user.script=, sun.java.launcher=SUN_STANDARD, user.country=CN, sun.os.patch.level=Service Pack 1, java.vm.specification.name=Java Virtual Machine Specification, user.dir=F:\workspace\demo\JavaDemo\demo-redis-bitmap, java.runtime.version=1.8.0_191-b12, java.awt.graphicsenv=sun.awt.Win32GraphicsEnvironment, java.endorsed.dirs=C:\Program Files\Java\jdk1.8.0_191\jre\lib\endorsed, os.arch=amd64, java.io.tmpdir=C:\Users\ADMINI~1\AppData\Local\Temp\, line.separator=
, java.vm.specification.vendor=Oracle Corporation, user.variant=, os.name=Windows 7, sun.jnu.encoding=GBK, java.library.path=C:\Program Files\Java\jdk1.8.0_191\bin;C:\Windows\Sun\Java\bin;C:\Windows\system32;C:\Windows;C:\ProgramData\Oracle\Java\javapath;C:\Windows\system32;C:\Windows;C:\Windows\System32\Wbem;C:\Windows\System32\WindowsPowerShell\v1.0\;C:\Program Files\Java\jdk1.8.0_191\bin;C:\Program Files\Java\jdk1.8.0_191\jre\bin;C:\Program Files (x86)\Microsoft SQL Server\100\Tools\Binn\;C:\Program Files\Microsoft SQL Server\100\Tools\Binn\;C:\Program Files\Microsoft SQL Server\100\DTS\Binn\;C:\Program Files (x86)\Microsoft SQL Server\80\Tools\Binn\;C:\Program Files\Microsoft SQL Server\90\DTS\Binn\;C:\Program Files\Microsoft SQL Server\90\Tools\binn\;C:\Program Files (x86)\Microsoft SQL Server\90\Tools\binn\;C:\Program Files (x86)\Microsoft SQL Server\90\DTS\Binn\;C:\Program Files (x86)\Microsoft SQL Server\90\Tools\Binn\VSShell\Common7\IDE\;C:\Program Files (x86)\Microsoft Visual Studio 8\Common7\IDE\PrivateAssemblies\;D:\IT program\apache-maven-3.2.3\bin;D:\IT program\mysql-5.6.24-win32\bin;C:\Python34;D:\Program Files\MATLAB\runtime\win64;D:\Program Files\MATLAB\bin;D:\Program Files\MATLAB\polyspace\bin;D:\IT program\apache-ant-1.10.1\bin;F:\scala\scala-2.12.1\bin;D:\IT program\android-sdk_r24.3.2-windows\platform-tools;D:\IT program\android-sdk_r24.3.2-windows\tools;D:\IT program\gradle-4.8\bin;C:\Program Files\dotnet\;C:\Program Files\Microsoft SQL Server\130\Tools\Binn\;C:\Program Files\Git\cmd;C:\Users\Administrator\AppData\Local\Programs\Python\Python37-32;;C:\Program Files\Boot2Docker for Windows;., java.specification.name=Java Platform API Specification, java.class.version=52.0, org.gradle.native=false, sun.management.compiler=HotSpot 64-Bit Tiered Compilers, os.version=6.1, user.home=C:\Users\Administrator, user.timezone=Asia/Shanghai, java.awt.printerjob=sun.awt.windows.WPrinterJob, file.encoding=GBK, java.specification.version=1.8, java.class.path=F:\workspace\demo\JavaDemo\demo-redis-bitmap\build\classes\java\test;F:\workspace\demo\JavaDemo\demo-redis-bitmap\build\resources\test;F:\workspace\demo\JavaDemo\demo-redis-bitmap\build\classes\java\main;F:\workspace\demo\JavaDemo\demo-redis-bitmap\build\resources\main;D:\IT program\gradle-5.2.1\caches\modules-2\files-2.1\org.springframework.boot\spring-boot-starter-data-redis\2.0.3.RELEASE\185ecf67f81960c8762991a08f6c119f9100c788\spring-boot-starter-data-redis-2.0.3.RELEASE.jar;D:\IT program\gradle-5.2.1\caches\modules-2\files-2.1\org.springframework.boot\spring-boot-starter-test\2.0.3.RELEASE\1c624b1cc217bac010abce7a28df8169af4a7fa0\spring-boot-starter-test-2.0.3.RELEASE.jar;D:\IT program\gradle-5.2.1\caches\modules-2\files-2.1\org.springframework.boot\spring-boot-starter\2.0.3.RELEASE\ffaa050dbd36b0441645598f1a7ddaf67fd5e678\spring-boot-starter-2.0.3.RELEASE.jar;D:\IT program\gradle-5.2.1\caches\modules-2\files-2.1\org.projectlombok\lombok\1.18.8\448003bc1b234aac04b58e27d7755c12c3ec4236\lombok-1.18.8.jar;D:\IT program\gradle-5.2.1\caches\modules-2\files-2.1\javax.servlet\jstl\1.2\74aca283cd4f4b4f3e425f5820cda58f44409547\jstl-1.2.jar;D:\IT program\gradle-5.2.1\caches\modules-2\files-2.1\junit\junit\4.12\2973d150c0dc1fefe998f834810d68f278ea58ec\junit-4.12.jar;D:\IT program\gradle-5.2.1\caches\modules-2\files-2.1\org.springframework.boot\spring-boot-test-autoconfigure\2.0.3.RELEASE\54e7d2167f2b926bf16a0ef8b91b6bfbd43826e7\spring-boot-test-autoconfigure-2.0.3.RELEASE.jar;D:\IT program\gradle-5.2.1\caches\modules-2\files-2.1\org.springframework.boot\spring-boot-autoconfigure\2.0.3.RELEASE\11bc4cc96b08fabad2b3186755818fa0b32d83f\spring-boot-autoconfigure-2.0.3.RELEASE.jar;D:\IT program\gradle-5.2.1\caches\modules-2\files-2.1\org.springframework.boot\spring-boot-test\2.0.3.RELEASE\5c9b4bb6cfce9ef6e53a0ff5fc4a7ff2867871d8\spring-boot-test-2.0.3.RELEASE.jar;D:\IT program\gradle-5.2.1\caches\modules-2\files-2.1\org.springframework.boot\spring-boot\2.0.3.RELEASE\b874870d915adbc3dd932e19077d3d45c8e54aa0\spring-boot-2.0.3.RELEASE.jar;D:\IT program\gradle-5.2.1\caches\modules-2\files-2.1\org.springframework.boot\spring-boot-starter-logging\2.0.3.RELEASE\7caad34f01d2688919e15e09a90467963e3d5190\spring-boot-starter-logging-2.0.3.RELEASE.jar;D:\IT program\gradle-5.2.1\caches\modules-2\files-2.1\javax.annotation\javax.annotation-api\1.3.2\934c04d3cfef185a8008e7bf34331b79730a9d43\javax.annotation-api-1.3.2.jar;D:\IT program\gradle-5.2.1\caches\modules-2\files-2.1\org.springframework\spring-test\5.0.7.RELEASE\bcb7505a316ea34b7e9a7ae5d4921be5b475c02d\spring-test-5.0.7.RELEASE.jar;D:\IT program\gradle-5.2.1\caches\modules-2\files-2.1\org.springframework.data\spring-data-redis\2.0.8.RELEASE\2cc8ad667c12fac887909d33e3ca08478a5bad45\spring-data-redis-2.0.8.RELEASE.jar;D:\IT program\gradle-5.2.1\caches\modules-2\files-2.1\org.springframework.data\spring-data-keyvalue\2.0.8.RELEASE\f774c9cbf07dba0426066308c48fe0e0fc3a276b\spring-data-keyvalue-2.0.8.RELEASE.jar;D:\IT program\gradle-5.2.1\caches\modules-2\files-2.1\org.springframework\spring-context-support\5.0.7.RELEASE\e8ee4902d9d8bfbb21bc5e8f30cfbb4324adb4f3\spring-context-support-5.0.7.RELEASE.jar;D:\IT program\gradle-5.2.1\caches\modules-2\files-2.1\org.springframework\spring-context\5.0.7.RELEASE\243a23f8968de8754d8199d669780d683ab177bd\spring-context-5.0.7.RELEASE.jar;D:\IT program\gradle-5.2.1\caches\modules-2\files-2.1\org.springframework\spring-tx\5.0.7.RELEASE\4ca59b21c61162adb146ad1b40c30b60d8dc42b8\spring-tx-5.0.7.RELEASE.jar;D:\IT program\gradle-5.2.1\caches\modules-2\files-2.1\org.springframework\spring-oxm\5.0.7.RELEASE\d85d5116e7673c2cf369491e5f34e23d2089eec3\spring-oxm-5.0.7.RELEASE.jar;D:\IT program\gradle-5.2.1\caches\modules-2\files-2.1\org.springframework\spring-aop\5.0.7.RELEASE\fdd0b6aa3c9c7a188c3bfbf6dfd8d40e843be9ef\spring-aop-5.0.7.RELEASE.jar;D:\IT program\gradle-5.2.1\caches\modules-2\files-2.1\org.springframework.data\spring-data-commons\2.0.8.RELEASE\5c19af63b5acb0eab39066684e813d5ecd9d03b7\spring-data-commons-2.0.8.RELEASE.jar;D:\IT program\gradle-5.2.1\caches\modules-2\files-2.1\org.springframework\spring-beans\5.0.7.RELEASE\c1196cb3e56da83e3c3a02ef323699f4b05feedc\spring-beans-5.0.7.RELEASE.jar;D:\IT program\gradle-5.2.1\caches\modules-2\files-2.1\org.springframework\spring-expression\5.0.7.RELEASE\ca01fb473f53dd0ee3c85663b26d5dc325602057\spring-expression-5.0.7.RELEASE.jar;D:\IT program\gradle-5.2.1\caches\modules-2\files-2.1\org.springframework\spring-core\5.0.7.RELEASE\54b731178d81e66eca9623df772ff32718208137\spring-core-5.0.7.RELEASE.jar;D:\IT program\gradle-5.2.1\caches\modules-2\files-2.1\org.yaml\snakeyaml\1.19\2d998d3d674b172a588e54ab619854d073f555b5\snakeyaml-1.19.jar;D:\IT program\gradle-5.2.1\caches\modules-2\files-2.1\io.lettuce\lettuce-core\5.0.4.RELEASE\ff59baa993b5ee0111cf6c5eeab004609f85a9e5\lettuce-core-5.0.4.RELEASE.jar;D:\IT program\gradle-5.2.1\caches\modules-2\files-2.1\org.hamcrest\hamcrest-library\1.3\4785a3c21320980282f9f33d0d1264a69040538f\hamcrest-library-1.3.jar;D:\IT program\gradle-5.2.1\caches\modules-2\files-2.1\org.hamcrest\hamcrest-core\1.3\42a25dc3219429f0e5d060061f71acb49bf010a0\hamcrest-core-1.3.jar;D:\IT program\gradle-5.2.1\caches\modules-2\files-2.1\com.jayway.jsonpath\json-path\2.4.0\765a4401ceb2dc8d40553c2075eb80a8fa35c2ae\json-path-2.4.0.jar;D:\IT program\gradle-5.2.1\caches\modules-2\files-2.1\org.assertj\assertj-core\3.9.1\c5ce126b15f28d56cd8f960c1a6a058b9c9aea87\assertj-core-3.9.1.jar;D:\IT program\gradle-5.2.1\caches\modules-2\files-2.1\org.mockito\mockito-core\2.15.0\b84bfbbc29cd22c9529409627af6ea2897f4fa85\mockito-core-2.15.0.jar;D:\IT program\gradle-5.2.1\caches\modules-2\files-2.1\org.skyscreamer\jsonassert\1.5.0\6c9d5fe2f59da598d9aefc1cfc6528ff3cf32df3\jsonassert-1.5.0.jar;D:\IT program\gradle-5.2.1\caches\modules-2\files-2.1\org.xmlunit\xmlunit-core\2.5.1\4ffdb346572a7356f7521cd3119ce5287d2e339d\xmlunit-core-2.5.1.jar;D:\IT program\gradle-5.2.1\caches\modules-2\files-2.1\ch.qos.logback\logback-classic\1.2.3\7c4f3c474fb2c041d8028740440937705ebb473a\logback-classic-1.2.3.jar;D:\IT program\gradle-5.2.1\caches\modules-2\files-2.1\org.apache.logging.log4j\log4j-to-slf4j\2.10.0\f7e631ccf49cfc0aefa4a2a728da7d374c05bd3c\log4j-to-slf4j-2.10.0.jar;D:\IT program\gradle-5.2.1\caches\modules-2\files-2.1\org.slf4j\jul-to-slf4j\1.7.25\af5364cd6679bfffb114f0dec8a157aaa283b76\jul-to-slf4j-1.7.25.jar;D:\IT program\gradle-5.2.1\caches\modules-2\files-2.1\org.springframework\spring-jcl\5.0.7.RELEASE\699016ddf454c2c167d9f84ae5777eccadf54728\spring-jcl-5.0.7.RELEASE.jar;D:\IT program\gradle-5.2.1\caches\modules-2\files-2.1\org.slf4j\slf4j-api\1.7.25\da76ca59f6a57ee3102f8f9bd9cee742973efa8a\slf4j-api-1.7.25.jar;D:\IT program\gradle-5.2.1\caches\modules-2\files-2.1\io.projectreactor\reactor-core\3.1.8.RELEASE\3bcc30f9161d3d17abe44b4aa20e397e5170566e\reactor-core-3.1.8.RELEASE.jar;D:\IT program\gradle-5.2.1\caches\modules-2\files-2.1\io.netty\netty-handler\4.1.25.Final\ecdfb8fe93a8b75db3ea8746d3437eed845c24bd\netty-handler-4.1.25.Final.jar;D:\IT program\gradle-5.2.1\caches\modules-2\files-2.1\io.netty\netty-codec\4.1.25.Final\3e465c75bead40d06b5b9c0612b37cf77c548887\netty-codec-4.1.25.Final.jar;D:\IT program\gradle-5.2.1\caches\modules-2\files-2.1\io.netty\netty-transport\4.1.25.Final\19a6f1f649894b6705aa9d8cbcced188dff133b0\netty-transport-4.1.25.Final.jar;D:\IT program\gradle-5.2.1\caches\modules-2\files-2.1\io.netty\netty-buffer\4.1.25.Final\f366d0cc87b158ca064d27507127e3cc4eb2f089\netty-buffer-4.1.25.Final.jar;D:\IT program\gradle-5.2.1\caches\modules-2\files-2.1\io.netty\netty-resolver\4.1.25.Final\dc0965d00746b782b33f419b005cbc130973030d\netty-resolver-4.1.25.Final.jar;D:\IT program\gradle-5.2.1\caches\modules-2\files-2.1\io.netty\netty-common\4.1.25.Final\e17d5c05c101fe14536ce3fb34b36c54e04791f6\netty-common-4.1.25.Final.jar;D:\IT program\gradle-5.2.1\caches\modules-2\files-2.1\net.minidev\json-smart\2.3\7396407491352ce4fa30de92efb158adb76b5b\json-smart-2.3.jar;D:\IT program\gradle-5.2.1\caches\modules-2\files-2.1\net.bytebuddy\byte-buddy\1.7.11\f02857a4e2c66ccbe7aaad6100a0a6c461bce9b3\byte-buddy-1.7.11.jar;D:\IT program\gradle-5.2.1\caches\modules-2\files-2.1\net.bytebuddy\byte-buddy-agent\1.7.11\b425a8933ca07edd03c6dbc8bc3b595fba9780de\byte-buddy-agent-1.7.11.jar;D:\IT program\gradle-5.2.1\caches\modules-2\files-2.1\org.objenesis\objenesis\2.6\639033469776fd37c08358c6b92a4761feb2af4b\objenesis-2.6.jar;D:\IT program\gradle-5.2.1\caches\modules-2\files-2.1\com.vaadin.external.google\android-json\0.0.20131108.vaadin1\fa26d351fe62a6a17f5cda1287c1c6110dec413f\android-json-0.0.20131108.vaadin1.jar;D:\IT program\gradle-5.2.1\caches\modules-2\files-2.1\ch.qos.logback\logback-core\1.2.3\864344400c3d4d92dfeb0a305dc87d953677c03c\logback-core-1.2.3.jar;D:\IT program\gradle-5.2.1\caches\modules-2\files-2.1\org.apache.logging.log4j\log4j-api\2.10.0\fec5797a55b786184a537abd39c3fa1449d752d6\log4j-api-2.10.0.jar;D:\IT program\gradle-5.2.1\caches\modules-2\files-2.1\org.reactivestreams\reactive-streams\1.0.2\323964c36556eb0e6209f65c1cef72b53b461ab8\reactive-streams-1.0.2.jar;D:\IT program\gradle-5.2.1\caches\modules-2\files-2.1\net.minidev\accessors-smart\1.2\c592b500269bfde36096641b01238a8350f8aa31\accessors-smart-1.2.jar;D:\IT program\gradle-5.2.1\caches\modules-2\files-2.1\org.ow2.asm\asm\5.0.4\da08b8cce7bbf903602a25a3a163ae252435795\asm-5.0.4.jar, user.name=Administrator, java.vm.specification.version=1.8, sun.java.command=worker.org.gradle.process.internal.worker.GradleWorkerMain 'Gradle Test Executor 6', java.home=C:\Program Files\Java\jdk1.8.0_191\jre, sun.arch.data.model=64, user.language=zh, java.specification.vendor=Oracle Corporation, awt.toolkit=sun.awt.windows.WToolkit, java.vm.info=mixed mode, java.version=1.8.0_191, java.ext.dirs=C:\Program Files\Java\jdk1.8.0_191\jre\lib\ext;C:\Windows\Sun\Java\lib\ext, sun.boot.class.path=C:\Program Files\Java\jdk1.8.0_191\jre\lib\resources.jar;C:\Program Files\Java\jdk1.8.0_191\jre\lib\rt.jar;C:\Program Files\Java\jdk1.8.0_191\jre\lib\sunrsasign.jar;C:\Program Files\Java\jdk1.8.0_191\jre\lib\jsse.jar;C:\Program Files\Java\jdk1.8.0_191\jre\lib\jce.jar;C:\Program Files\Java\jdk1.8.0_191\jre\lib\charsets.jar;C:\Program Files\Java\jdk1.8.0_191\jre\lib\jfr.jar;C:\Program Files\Java\jdk1.8.0_191\jre\classes, java.vendor=Oracle Corporation, org.gradle.test.worker=6, file.separator=\, java.vendor.url.bug=http://bugreport.sun.com/bugreport/, sun.io.unicode.encoding=UnicodeLittle, sun.cpu.endian=little, sun.desktop=windows, sun.cpu.isalist=amd64}}, SystemEnvironmentPropertySource@1237186094 {name='systemEnvironment', properties={PROCESSOR_LEVEL=6, lib=C:\Program Files\SQLXML 4.0\bin\, FP_NO_HOST_CHECK=NO, SESSIONNAME=Console, ALLUSERSPROFILE=C:\ProgramData, PROCESSOR_ARCHITECTURE=AMD64, PSModulePath=C:\Windows\system32\WindowsPowerShell\v1.0\Modules\, SystemDrive=C:, VS100COMNTOOLS=d:\IT program\vs2010\Common7\Tools\, MAVEN_HOME=D:\IT program\apache-maven-3.2.3, MOZ_PLUGIN_PATH=D:\Program\fuxin\Foxit Reader\plugins\, USERNAME=Administrator, ProgramFiles(x86)=C:\Program Files (x86), PATHEXT=.COM;.EXE;.BAT;.CMD;.VBS;.VBE;.JS;.JSE;.WSF;.WSH;.MSC, _DFX_INSTALL_UNSIGNED_DRIVER=1, ProgramData=C:\ProgramData, ProgramW6432=C:\Program Files, HOMEPATH=\Users\Administrator, MYSQL_HOME=D:\IT program\mysql-5.6.24-win32, PROCESSOR_IDENTIFIER=Intel64 Family 6 Model 60 Stepping 3, GenuineIntel, ProgramFiles=C:\Program Files, PUBLIC=C:\Users\Public, windir=C:\Windows, =::=::\, LOCALAPPDATA=C:\Users\Administrator\AppData\Local, USERDOMAIN=QH-20151024QRMQ, LOGONSERVER=\\QH-20151024QRMQ, JAVA_HOME=C:\Program Files\Java\jdk1.8.0_191, GRADLE_HOME=D:\IT program\gradle-4.8, ANT_HOME=D:\IT program\apache-ant-1.10.1, APPDATA=C:\Users\Administrator\AppData\Roaming, windows_tracing_logfile=C:\BVTBin\Tests\installpackage\csilogfile.log, SCALA_HOME=F:\scala\scala-2.12.1\bin, VBOX_MSI_INSTALL_PATH=C:\Program Files\Oracle\VirtualBox\, CommonProgramFiles=C:\Program Files\Common Files, Path=C:\ProgramData\Oracle\Java\javapath;C:\Windows\system32;C:\Windows;C:\Windows\System32\Wbem;C:\Windows\System32\WindowsPowerShell\v1.0\;C:\Program Files\Java\jdk1.8.0_191\bin;C:\Program Files\Java\jdk1.8.0_191\jre\bin;C:\Program Files (x86)\Microsoft SQL Server\100\Tools\Binn\;C:\Program Files\Microsoft SQL Server\100\Tools\Binn\;C:\Program Files\Microsoft SQL Server\100\DTS\Binn\;C:\Program Files (x86)\Microsoft SQL Server\80\Tools\Binn\;C:\Program Files\Microsoft SQL Server\90\DTS\Binn\;C:\Program Files\Microsoft SQL Server\90\Tools\binn\;C:\Program Files (x86)\Microsoft SQL Server\90\Tools\binn\;C:\Program Files (x86)\Microsoft SQL Server\90\DTS\Binn\;C:\Program Files (x86)\Microsoft SQL Server\90\Tools\Binn\VSShell\Common7\IDE\;C:\Program Files (x86)\Microsoft Visual Studio 8\Common7\IDE\PrivateAssemblies\;D:\IT program\apache-maven-3.2.3\bin;D:\IT program\mysql-5.6.24-win32\bin;C:\Python34;D:\Program Files\MATLAB\runtime\win64;D:\Program Files\MATLAB\bin;D:\Program Files\MATLAB\polyspace\bin;D:\IT program\apache-ant-1.10.1\bin;F:\scala\scala-2.12.1\bin;D:\IT program\android-sdk_r24.3.2-windows\platform-tools;D:\IT program\android-sdk_r24.3.2-windows\tools;D:\IT program\gradle-4.8\bin;C:\Program Files\dotnet\;C:\Program Files\Microsoft SQL Server\130\Tools\Binn\;C:\Program Files\Git\cmd;C:\Users\Administrator\AppData\Local\Programs\Python\Python37-32;;C:\Program Files\Boot2Docker for Windows, ANDROID_SDK_HOME=D:\IT program\android-sdk_r24.3.2-windows, OS=Windows_NT, windows_tracing_flags=3, COMPUTERNAME=QH-20151024QRMQ, PROCESSOR_REVISION=3c03, CLASSPATH=.;C:\Program Files\Java\jdk1.8.0_191\lib\dt.jar;C:\Program Files\Java\jdk1.8.0_191\lib\tools.jar;, CommonProgramW6432=C:\Program Files\Common Files, ComSpec=C:\Windows\system32\cmd.exe, SystemRoot=C:\Windows, TEMP=C:\Users\ADMINI~1\AppData\Local\Temp, HOMEDRIVE=C:, USERPROFILE=C:\Users\Administrator, TMP=C:\Users\ADMINI~1\AppData\Local\Temp, CommonProgramFiles(x86)=C:\Program Files (x86)\Common Files, NUMBER_OF_PROCESSORS=4, IDEA_INITIAL_DIRECTORY=F:\IntelliJ IDEA 2019.3.1\bin}}]
22:37:14.040 [Test worker] DEBUG org.springframework.core.io.support.PathMatchingResourcePatternResolver - Resolved classpath location [demo/] to resources [URL [file:/F:/workspace/demo/JavaDemo/demo-redis-bitmap/build/classes/java/test/demo/], URL [file:/F:/workspace/demo/JavaDemo/demo-redis-bitmap/build/classes/java/main/demo/]]
22:37:14.041 [Test worker] DEBUG org.springframework.core.io.support.PathMatchingResourcePatternResolver - Looking for matching resources in directory tree [F:\workspace\demo\JavaDemo\demo-redis-bitmap\build\classes\java\test\demo]
22:37:14.041 [Test worker] DEBUG org.springframework.core.io.support.PathMatchingResourcePatternResolver - Searching directory [F:\workspace\demo\JavaDemo\demo-redis-bitmap\build\classes\java\test\demo] for files matching pattern [F:/workspace/demo/JavaDemo/demo-redis-bitmap/build/classes/java/test/demo/*.class]
22:37:14.044 [Test worker] DEBUG org.springframework.core.io.support.PathMatchingResourcePatternResolver - Looking for matching resources in directory tree [F:\workspace\demo\JavaDemo\demo-redis-bitmap\build\classes\java\main\demo]
22:37:14.045 [Test worker] DEBUG org.springframework.core.io.support.PathMatchingResourcePatternResolver - Searching directory [F:\workspace\demo\JavaDemo\demo-redis-bitmap\build\classes\java\main\demo] for files matching pattern [F:/workspace/demo/JavaDemo/demo-redis-bitmap/build/classes/java/main/demo/*.class]
22:37:14.046 [Test worker] DEBUG org.springframework.core.io.support.PathMatchingResourcePatternResolver - Resolved location pattern [classpath*:demo/*.class] to resources [file [F:\workspace\demo\JavaDemo\demo-redis-bitmap\build\classes\java\test\demo\Test1.class], file [F:\workspace\demo\JavaDemo\demo-redis-bitmap\build\classes\java\main\demo\Main.class]]
22:37:14.102 [Test worker] DEBUG org.springframework.context.annotation.ClassPathScanningCandidateComponentProvider - Identified candidate component class: file [F:\workspace\demo\JavaDemo\demo-redis-bitmap\build\classes\java\main\demo\Main.class]
22:37:14.104 [Test worker] INFO org.springframework.boot.test.context.SpringBootTestContextBootstrapper - Found @SpringBootConfiguration demo.Main for test class demo.Test1
22:37:14.255 [Test worker] DEBUG org.springframework.boot.test.context.SpringBootTestContextBootstrapper - @TestExecutionListeners is not present for class [demo.Test1]: using defaults.
22:37:14.255 [Test worker] INFO org.springframework.boot.test.context.SpringBootTestContextBootstrapper - Loaded default TestExecutionListener class names from location [META-INF/spring.factories]: [org.springframework.boot.test.autoconfigure.restdocs.RestDocsTestExecutionListener, org.springframework.boot.test.autoconfigure.web.client.MockRestServiceServerResetTestExecutionListener, org.springframework.boot.test.autoconfigure.web.servlet.MockMvcPrintOnlyOnFailureTestExecutionListener, org.springframework.boot.test.autoconfigure.web.servlet.WebDriverTestExecutionListener, org.springframework.boot.test.mock.mockito.MockitoTestExecutionListener, org.springframework.boot.test.mock.mockito.ResetMocksTestExecutionListener, org.springframework.test.context.web.ServletTestExecutionListener, org.springframework.test.context.support.DirtiesContextBeforeModesTestExecutionListener, org.springframework.test.context.support.DependencyInjectionTestExecutionListener, org.springframework.test.context.support.DirtiesContextTestExecutionListener, org.springframework.test.context.transaction.TransactionalTestExecutionListener, org.springframework.test.context.jdbc.SqlScriptsTestExecutionListener]
22:37:14.265 [Test worker] DEBUG org.springframework.boot.test.context.SpringBootTestContextBootstrapper - Skipping candidate TestExecutionListener [org.springframework.test.context.web.ServletTestExecutionListener] due to a missing dependency. Specify custom listener classes or make the default listener classes and their required dependencies available. Offending class: [javax/servlet/ServletContext]
22:37:14.426 [Test worker] INFO org.springframework.boot.test.context.SpringBootTestContextBootstrapper - Using TestExecutionListeners: [org.springframework.test.context.support.DirtiesContextBeforeModesTestExecutionListener@3e266aa8, org.springframework.boot.test.mock.mockito.MockitoTestExecutionListener@6de6e01f, org.springframework.boot.test.autoconfigure.SpringBootDependencyInjectionTestExecutionListener@78504dc6, org.springframework.test.context.support.DirtiesContextTestExecutionListener@389db4da, org.springframework.test.context.transaction.TransactionalTestExecutionListener@3563fa4b, org.springframework.test.context.jdbc.SqlScriptsTestExecutionListener@6f5f02e0, org.springframework.boot.test.autoconfigure.restdocs.RestDocsTestExecutionListener@159b5cb0, org.springframework.boot.test.autoconfigure.web.client.MockRestServiceServerResetTestExecutionListener@40f501bd, org.springframework.boot.test.autoconfigure.web.servlet.MockMvcPrintOnlyOnFailureTestExecutionListener@6a6e1a4a, org.springframework.boot.test.autoconfigure.web.servlet.WebDriverTestExecutionListener@7d315de5, org.springframework.boot.test.mock.mockito.ResetMocksTestExecutionListener@3280f02f]
22:37:14.430 [Test worker] DEBUG org.springframework.test.annotation.ProfileValueUtils - Retrieved @ProfileValueSourceConfiguration [null] for test class [demo.Test1]
22:37:14.431 [Test worker] DEBUG org.springframework.test.annotation.ProfileValueUtils - Retrieved ProfileValueSource type [class org.springframework.test.annotation.SystemProfileValueSource] for class [demo.Test1]
22:37:14.435 [Test worker] DEBUG org.springframework.test.annotation.ProfileValueUtils - Retrieved @ProfileValueSourceConfiguration [null] for test class [demo.Test1]
22:37:14.435 [Test worker] DEBUG org.springframework.test.annotation.ProfileValueUtils - Retrieved ProfileValueSource type [class org.springframework.test.annotation.SystemProfileValueSource] for class [demo.Test1]
22:37:14.436 [Test worker] DEBUG org.springframework.test.annotation.ProfileValueUtils - Retrieved @ProfileValueSourceConfiguration [null] for test class [demo.Test1]
22:37:14.436 [Test worker] DEBUG org.springframework.test.annotation.ProfileValueUtils - Retrieved ProfileValueSource type [class org.springframework.test.annotation.SystemProfileValueSource] for class [demo.Test1]
22:37:14.441 [Test worker] DEBUG org.springframework.test.context.support.AbstractDirtiesContextTestExecutionListener - Before test class: context [DefaultTestContext@4f7fcc14 testClass = Test1, testInstance = [null], testMethod = [null], testException = [null], mergedContextConfiguration = [MergedContextConfiguration@501f8304 testClass = Test1, locations = '{}', classes = '{class demo.Main}', contextInitializerClasses = '[]', activeProfiles = '{}', propertySourceLocations = '{}', propertySourceProperties = '{org.springframework.boot.test.context.SpringBootTestContextBootstrapper=true}', contextCustomizers = set[org.springframework.boot.test.autoconfigure.properties.PropertyMappingContextCustomizer@0, org.springframework.boot.test.autoconfigure.web.servlet.WebDriverContextCustomizerFactory$Customizer@f84b054, org.springframework.boot.test.context.filter.ExcludeFilterContextCustomizer@5bae6208, org.springframework.boot.test.json.DuplicateJsonObjectContextCustomizerFactory$DuplicateJsonObjectContextCustomizer@3b971987, org.springframework.boot.test.mock.mockito.MockitoContextCustomizer@0, org.springframework.boot.test.web.client.TestRestTemplateContextCustomizer@50025b41], contextLoader = 'org.springframework.boot.test.context.SpringBootContextLoader', parent = [null]], attributes = map[[empty]]], class annotated with @DirtiesContext [false] with mode [null].
22:37:14.442 [Test worker] DEBUG org.springframework.test.annotation.ProfileValueUtils - Retrieved @ProfileValueSourceConfiguration [null] for test class [demo.Test1]
22:37:14.442 [Test worker] DEBUG org.springframework.test.annotation.ProfileValueUtils - Retrieved ProfileValueSource type [class org.springframework.test.annotation.SystemProfileValueSource] for class [demo.Test1]
22:37:14.447 [Test worker] DEBUG org.springframework.test.context.support.DependencyInjectionTestExecutionListener - Performing dependency injection for test context [[DefaultTestContext@4f7fcc14 testClass = Test1, testInstance = demo.Test1@53a37650, testMethod = [null], testException = [null], mergedContextConfiguration = [MergedContextConfiguration@501f8304 testClass = Test1, locations = '{}', classes = '{class demo.Main}', contextInitializerClasses = '[]', activeProfiles = '{}', propertySourceLocations = '{}', propertySourceProperties = '{org.springframework.boot.test.context.SpringBootTestContextBootstrapper=true}', contextCustomizers = set[org.springframework.boot.test.autoconfigure.properties.PropertyMappingContextCustomizer@0, org.springframework.boot.test.autoconfigure.web.servlet.WebDriverContextCustomizerFactory$Customizer@f84b054, org.springframework.boot.test.context.filter.ExcludeFilterContextCustomizer@5bae6208, org.springframework.boot.test.json.DuplicateJsonObjectContextCustomizerFactory$DuplicateJsonObjectContextCustomizer@3b971987, org.springframework.boot.test.mock.mockito.MockitoContextCustomizer@0, org.springframework.boot.test.web.client.TestRestTemplateContextCustomizer@50025b41], contextLoader = 'org.springframework.boot.test.context.SpringBootContextLoader', parent = [null]], attributes = map[[empty]]]].
22:37:14.468 [Test worker] DEBUG org.springframework.core.env.StandardEnvironment - Adding PropertySource 'systemProperties' with lowest search precedence
22:37:14.468 [Test worker] DEBUG org.springframework.core.env.StandardEnvironment - Adding PropertySource 'systemEnvironment' with lowest search precedence
22:37:14.468 [Test worker] DEBUG org.springframework.core.env.StandardEnvironment - Initialized StandardEnvironment with PropertySources [MapPropertySource@1381922958 {name='systemProperties', properties={java.runtime.name=Java(TM) SE Runtime Environment, sun.boot.library.path=C:\Program Files\Java\jdk1.8.0_191\jre\bin, java.vm.version=25.191-b12, java.vm.vendor=Oracle Corporation, java.vendor.url=http://java.oracle.com/, path.separator=;, java.vm.name=Java HotSpot(TM) 64-Bit Server VM, file.encoding.pkg=sun.io, user.script=, sun.java.launcher=SUN_STANDARD, user.country=CN, sun.os.patch.level=Service Pack 1, java.vm.specification.name=Java Virtual Machine Specification, user.dir=F:\workspace\demo\JavaDemo\demo-redis-bitmap, java.runtime.version=1.8.0_191-b12, java.awt.graphicsenv=sun.awt.Win32GraphicsEnvironment, java.endorsed.dirs=C:\Program Files\Java\jdk1.8.0_191\jre\lib\endorsed, os.arch=amd64, java.io.tmpdir=C:\Users\ADMINI~1\AppData\Local\Temp\, line.separator=
, java.vm.specification.vendor=Oracle Corporation, user.variant=, os.name=Windows 7, sun.jnu.encoding=GBK, java.library.path=C:\Program Files\Java\jdk1.8.0_191\bin;C:\Windows\Sun\Java\bin;C:\Windows\system32;C:\Windows;C:\ProgramData\Oracle\Java\javapath;C:\Windows\system32;C:\Windows;C:\Windows\System32\Wbem;C:\Windows\System32\WindowsPowerShell\v1.0\;C:\Program Files\Java\jdk1.8.0_191\bin;C:\Program Files\Java\jdk1.8.0_191\jre\bin;C:\Program Files (x86)\Microsoft SQL Server\100\Tools\Binn\;C:\Program Files\Microsoft SQL Server\100\Tools\Binn\;C:\Program Files\Microsoft SQL Server\100\DTS\Binn\;C:\Program Files (x86)\Microsoft SQL Server\80\Tools\Binn\;C:\Program Files\Microsoft SQL Server\90\DTS\Binn\;C:\Program Files\Microsoft SQL Server\90\Tools\binn\;C:\Program Files (x86)\Microsoft SQL Server\90\Tools\binn\;C:\Program Files (x86)\Microsoft SQL Server\90\DTS\Binn\;C:\Program Files (x86)\Microsoft SQL Server\90\Tools\Binn\VSShell\Common7\IDE\;C:\Program Files (x86)\Microsoft Visual Studio 8\Common7\IDE\PrivateAssemblies\;D:\IT program\apache-maven-3.2.3\bin;D:\IT program\mysql-5.6.24-win32\bin;C:\Python34;D:\Program Files\MATLAB\runtime\win64;D:\Program Files\MATLAB\bin;D:\Program Files\MATLAB\polyspace\bin;D:\IT program\apache-ant-1.10.1\bin;F:\scala\scala-2.12.1\bin;D:\IT program\android-sdk_r24.3.2-windows\platform-tools;D:\IT program\android-sdk_r24.3.2-windows\tools;D:\IT program\gradle-4.8\bin;C:\Program Files\dotnet\;C:\Program Files\Microsoft SQL Server\130\Tools\Binn\;C:\Program Files\Git\cmd;C:\Users\Administrator\AppData\Local\Programs\Python\Python37-32;;C:\Program Files\Boot2Docker for Windows;., java.specification.name=Java Platform API Specification, java.class.version=52.0, org.gradle.native=false, sun.management.compiler=HotSpot 64-Bit Tiered Compilers, os.version=6.1, user.home=C:\Users\Administrator, user.timezone=Asia/Shanghai, java.awt.printerjob=sun.awt.windows.WPrinterJob, file.encoding=GBK, java.specification.version=1.8, java.class.path=F:\workspace\demo\JavaDemo\demo-redis-bitmap\build\classes\java\test;F:\workspace\demo\JavaDemo\demo-redis-bitmap\build\resources\test;F:\workspace\demo\JavaDemo\demo-redis-bitmap\build\classes\java\main;F:\workspace\demo\JavaDemo\demo-redis-bitmap\build\resources\main;D:\IT program\gradle-5.2.1\caches\modules-2\files-2.1\org.springframework.boot\spring-boot-starter-data-redis\2.0.3.RELEASE\185ecf67f81960c8762991a08f6c119f9100c788\spring-boot-starter-data-redis-2.0.3.RELEASE.jar;D:\IT program\gradle-5.2.1\caches\modules-2\files-2.1\org.springframework.boot\spring-boot-starter-test\2.0.3.RELEASE\1c624b1cc217bac010abce7a28df8169af4a7fa0\spring-boot-starter-test-2.0.3.RELEASE.jar;D:\IT program\gradle-5.2.1\caches\modules-2\files-2.1\org.springframework.boot\spring-boot-starter\2.0.3.RELEASE\ffaa050dbd36b0441645598f1a7ddaf67fd5e678\spring-boot-starter-2.0.3.RELEASE.jar;D:\IT program\gradle-5.2.1\caches\modules-2\files-2.1\org.projectlombok\lombok\1.18.8\448003bc1b234aac04b58e27d7755c12c3ec4236\lombok-1.18.8.jar;D:\IT program\gradle-5.2.1\caches\modules-2\files-2.1\javax.servlet\jstl\1.2\74aca283cd4f4b4f3e425f5820cda58f44409547\jstl-1.2.jar;D:\IT program\gradle-5.2.1\caches\modules-2\files-2.1\junit\junit\4.12\2973d150c0dc1fefe998f834810d68f278ea58ec\junit-4.12.jar;D:\IT program\gradle-5.2.1\caches\modules-2\files-2.1\org.springframework.boot\spring-boot-test-autoconfigure\2.0.3.RELEASE\54e7d2167f2b926bf16a0ef8b91b6bfbd43826e7\spring-boot-test-autoconfigure-2.0.3.RELEASE.jar;D:\IT program\gradle-5.2.1\caches\modules-2\files-2.1\org.springframework.boot\spring-boot-autoconfigure\2.0.3.RELEASE\11bc4cc96b08fabad2b3186755818fa0b32d83f\spring-boot-autoconfigure-2.0.3.RELEASE.jar;D:\IT program\gradle-5.2.1\caches\modules-2\files-2.1\org.springframework.boot\spring-boot-test\2.0.3.RELEASE\5c9b4bb6cfce9ef6e53a0ff5fc4a7ff2867871d8\spring-boot-test-2.0.3.RELEASE.jar;D:\IT program\gradle-5.2.1\caches\modules-2\files-2.1\org.springframework.boot\spring-boot\2.0.3.RELEASE\b874870d915adbc3dd932e19077d3d45c8e54aa0\spring-boot-2.0.3.RELEASE.jar;D:\IT program\gradle-5.2.1\caches\modules-2\files-2.1\org.springframework.boot\spring-boot-starter-logging\2.0.3.RELEASE\7caad34f01d2688919e15e09a90467963e3d5190\spring-boot-starter-logging-2.0.3.RELEASE.jar;D:\IT program\gradle-5.2.1\caches\modules-2\files-2.1\javax.annotation\javax.annotation-api\1.3.2\934c04d3cfef185a8008e7bf34331b79730a9d43\javax.annotation-api-1.3.2.jar;D:\IT program\gradle-5.2.1\caches\modules-2\files-2.1\org.springframework\spring-test\5.0.7.RELEASE\bcb7505a316ea34b7e9a7ae5d4921be5b475c02d\spring-test-5.0.7.RELEASE.jar;D:\IT program\gradle-5.2.1\caches\modules-2\files-2.1\org.springframework.data\spring-data-redis\2.0.8.RELEASE\2cc8ad667c12fac887909d33e3ca08478a5bad45\spring-data-redis-2.0.8.RELEASE.jar;D:\IT program\gradle-5.2.1\caches\modules-2\files-2.1\org.springframework.data\spring-data-keyvalue\2.0.8.RELEASE\f774c9cbf07dba0426066308c48fe0e0fc3a276b\spring-data-keyvalue-2.0.8.RELEASE.jar;D:\IT program\gradle-5.2.1\caches\modules-2\files-2.1\org.springframework\spring-context-support\5.0.7.RELEASE\e8ee4902d9d8bfbb21bc5e8f30cfbb4324adb4f3\spring-context-support-5.0.7.RELEASE.jar;D:\IT program\gradle-5.2.1\caches\modules-2\files-2.1\org.springframework\spring-context\5.0.7.RELEASE\243a23f8968de8754d8199d669780d683ab177bd\spring-context-5.0.7.RELEASE.jar;D:\IT program\gradle-5.2.1\caches\modules-2\files-2.1\org.springframework\spring-tx\5.0.7.RELEASE\4ca59b21c61162adb146ad1b40c30b60d8dc42b8\spring-tx-5.0.7.RELEASE.jar;D:\IT program\gradle-5.2.1\caches\modules-2\files-2.1\org.springframework\spring-oxm\5.0.7.RELEASE\d85d5116e7673c2cf369491e5f34e23d2089eec3\spring-oxm-5.0.7.RELEASE.jar;D:\IT program\gradle-5.2.1\caches\modules-2\files-2.1\org.springframework\spring-aop\5.0.7.RELEASE\fdd0b6aa3c9c7a188c3bfbf6dfd8d40e843be9ef\spring-aop-5.0.7.RELEASE.jar;D:\IT program\gradle-5.2.1\caches\modules-2\files-2.1\org.springframework.data\spring-data-commons\2.0.8.RELEASE\5c19af63b5acb0eab39066684e813d5ecd9d03b7\spring-data-commons-2.0.8.RELEASE.jar;D:\IT program\gradle-5.2.1\caches\modules-2\files-2.1\org.springframework\spring-beans\5.0.7.RELEASE\c1196cb3e56da83e3c3a02ef323699f4b05feedc\spring-beans-5.0.7.RELEASE.jar;D:\IT program\gradle-5.2.1\caches\modules-2\files-2.1\org.springframework\spring-expression\5.0.7.RELEASE\ca01fb473f53dd0ee3c85663b26d5dc325602057\spring-expression-5.0.7.RELEASE.jar;D:\IT program\gradle-5.2.1\caches\modules-2\files-2.1\org.springframework\spring-core\5.0.7.RELEASE\54b731178d81e66eca9623df772ff32718208137\spring-core-5.0.7.RELEASE.jar;D:\IT program\gradle-5.2.1\caches\modules-2\files-2.1\org.yaml\snakeyaml\1.19\2d998d3d674b172a588e54ab619854d073f555b5\snakeyaml-1.19.jar;D:\IT program\gradle-5.2.1\caches\modules-2\files-2.1\io.lettuce\lettuce-core\5.0.4.RELEASE\ff59baa993b5ee0111cf6c5eeab004609f85a9e5\lettuce-core-5.0.4.RELEASE.jar;D:\IT program\gradle-5.2.1\caches\modules-2\files-2.1\org.hamcrest\hamcrest-library\1.3\4785a3c21320980282f9f33d0d1264a69040538f\hamcrest-library-1.3.jar;D:\IT program\gradle-5.2.1\caches\modules-2\files-2.1\org.hamcrest\hamcrest-core\1.3\42a25dc3219429f0e5d060061f71acb49bf010a0\hamcrest-core-1.3.jar;D:\IT program\gradle-5.2.1\caches\modules-2\files-2.1\com.jayway.jsonpath\json-path\2.4.0\765a4401ceb2dc8d40553c2075eb80a8fa35c2ae\json-path-2.4.0.jar;D:\IT program\gradle-5.2.1\caches\modules-2\files-2.1\org.assertj\assertj-core\3.9.1\c5ce126b15f28d56cd8f960c1a6a058b9c9aea87\assertj-core-3.9.1.jar;D:\IT program\gradle-5.2.1\caches\modules-2\files-2.1\org.mockito\mockito-core\2.15.0\b84bfbbc29cd22c9529409627af6ea2897f4fa85\mockito-core-2.15.0.jar;D:\IT program\gradle-5.2.1\caches\modules-2\files-2.1\org.skyscreamer\jsonassert\1.5.0\6c9d5fe2f59da598d9aefc1cfc6528ff3cf32df3\jsonassert-1.5.0.jar;D:\IT program\gradle-5.2.1\caches\modules-2\files-2.1\org.xmlunit\xmlunit-core\2.5.1\4ffdb346572a7356f7521cd3119ce5287d2e339d\xmlunit-core-2.5.1.jar;D:\IT program\gradle-5.2.1\caches\modules-2\files-2.1\ch.qos.logback\logback-classic\1.2.3\7c4f3c474fb2c041d8028740440937705ebb473a\logback-classic-1.2.3.jar;D:\IT program\gradle-5.2.1\caches\modules-2\files-2.1\org.apache.logging.log4j\log4j-to-slf4j\2.10.0\f7e631ccf49cfc0aefa4a2a728da7d374c05bd3c\log4j-to-slf4j-2.10.0.jar;D:\IT program\gradle-5.2.1\caches\modules-2\files-2.1\org.slf4j\jul-to-slf4j\1.7.25\af5364cd6679bfffb114f0dec8a157aaa283b76\jul-to-slf4j-1.7.25.jar;D:\IT program\gradle-5.2.1\caches\modules-2\files-2.1\org.springframework\spring-jcl\5.0.7.RELEASE\699016ddf454c2c167d9f84ae5777eccadf54728\spring-jcl-5.0.7.RELEASE.jar;D:\IT program\gradle-5.2.1\caches\modules-2\files-2.1\org.slf4j\slf4j-api\1.7.25\da76ca59f6a57ee3102f8f9bd9cee742973efa8a\slf4j-api-1.7.25.jar;D:\IT program\gradle-5.2.1\caches\modules-2\files-2.1\io.projectreactor\reactor-core\3.1.8.RELEASE\3bcc30f9161d3d17abe44b4aa20e397e5170566e\reactor-core-3.1.8.RELEASE.jar;D:\IT program\gradle-5.2.1\caches\modules-2\files-2.1\io.netty\netty-handler\4.1.25.Final\ecdfb8fe93a8b75db3ea8746d3437eed845c24bd\netty-handler-4.1.25.Final.jar;D:\IT program\gradle-5.2.1\caches\modules-2\files-2.1\io.netty\netty-codec\4.1.25.Final\3e465c75bead40d06b5b9c0612b37cf77c548887\netty-codec-4.1.25.Final.jar;D:\IT program\gradle-5.2.1\caches\modules-2\files-2.1\io.netty\netty-transport\4.1.25.Final\19a6f1f649894b6705aa9d8cbcced188dff133b0\netty-transport-4.1.25.Final.jar;D:\IT program\gradle-5.2.1\caches\modules-2\files-2.1\io.netty\netty-buffer\4.1.25.Final\f366d0cc87b158ca064d27507127e3cc4eb2f089\netty-buffer-4.1.25.Final.jar;D:\IT program\gradle-5.2.1\caches\modules-2\files-2.1\io.netty\netty-resolver\4.1.25.Final\dc0965d00746b782b33f419b005cbc130973030d\netty-resolver-4.1.25.Final.jar;D:\IT program\gradle-5.2.1\caches\modules-2\files-2.1\io.netty\netty-common\4.1.25.Final\e17d5c05c101fe14536ce3fb34b36c54e04791f6\netty-common-4.1.25.Final.jar;D:\IT program\gradle-5.2.1\caches\modules-2\files-2.1\net.minidev\json-smart\2.3\7396407491352ce4fa30de92efb158adb76b5b\json-smart-2.3.jar;D:\IT program\gradle-5.2.1\caches\modules-2\files-2.1\net.bytebuddy\byte-buddy\1.7.11\f02857a4e2c66ccbe7aaad6100a0a6c461bce9b3\byte-buddy-1.7.11.jar;D:\IT program\gradle-5.2.1\caches\modules-2\files-2.1\net.bytebuddy\byte-buddy-agent\1.7.11\b425a8933ca07edd03c6dbc8bc3b595fba9780de\byte-buddy-agent-1.7.11.jar;D:\IT program\gradle-5.2.1\caches\modules-2\files-2.1\org.objenesis\objenesis\2.6\639033469776fd37c08358c6b92a4761feb2af4b\objenesis-2.6.jar;D:\IT program\gradle-5.2.1\caches\modules-2\files-2.1\com.vaadin.external.google\android-json\0.0.20131108.vaadin1\fa26d351fe62a6a17f5cda1287c1c6110dec413f\android-json-0.0.20131108.vaadin1.jar;D:\IT program\gradle-5.2.1\caches\modules-2\files-2.1\ch.qos.logback\logback-core\1.2.3\864344400c3d4d92dfeb0a305dc87d953677c03c\logback-core-1.2.3.jar;D:\IT program\gradle-5.2.1\caches\modules-2\files-2.1\org.apache.logging.log4j\log4j-api\2.10.0\fec5797a55b786184a537abd39c3fa1449d752d6\log4j-api-2.10.0.jar;D:\IT program\gradle-5.2.1\caches\modules-2\files-2.1\org.reactivestreams\reactive-streams\1.0.2\323964c36556eb0e6209f65c1cef72b53b461ab8\reactive-streams-1.0.2.jar;D:\IT program\gradle-5.2.1\caches\modules-2\files-2.1\net.minidev\accessors-smart\1.2\c592b500269bfde36096641b01238a8350f8aa31\accessors-smart-1.2.jar;D:\IT program\gradle-5.2.1\caches\modules-2\files-2.1\org.ow2.asm\asm\5.0.4\da08b8cce7bbf903602a25a3a163ae252435795\asm-5.0.4.jar, user.name=Administrator, java.vm.specification.version=1.8, sun.java.command=worker.org.gradle.process.internal.worker.GradleWorkerMain 'Gradle Test Executor 6', java.home=C:\Program Files\Java\jdk1.8.0_191\jre, sun.arch.data.model=64, user.language=zh, java.specification.vendor=Oracle Corporation, awt.toolkit=sun.awt.windows.WToolkit, java.vm.info=mixed mode, java.version=1.8.0_191, java.ext.dirs=C:\Program Files\Java\jdk1.8.0_191\jre\lib\ext;C:\Windows\Sun\Java\lib\ext, sun.boot.class.path=C:\Program Files\Java\jdk1.8.0_191\jre\lib\resources.jar;C:\Program Files\Java\jdk1.8.0_191\jre\lib\rt.jar;C:\Program Files\Java\jdk1.8.0_191\jre\lib\sunrsasign.jar;C:\Program Files\Java\jdk1.8.0_191\jre\lib\jsse.jar;C:\Program Files\Java\jdk1.8.0_191\jre\lib\jce.jar;C:\Program Files\Java\jdk1.8.0_191\jre\lib\charsets.jar;C:\Program Files\Java\jdk1.8.0_191\jre\lib\jfr.jar;C:\Program Files\Java\jdk1.8.0_191\jre\classes, java.vendor=Oracle Corporation, org.gradle.test.worker=6, file.separator=\, java.vendor.url.bug=http://bugreport.sun.com/bugreport/, sun.io.unicode.encoding=UnicodeLittle, sun.cpu.endian=little, sun.desktop=windows, sun.cpu.isalist=amd64}}, SystemEnvironmentPropertySource@433234130 {name='systemEnvironment', properties={PROCESSOR_LEVEL=6, lib=C:\Program Files\SQLXML 4.0\bin\, FP_NO_HOST_CHECK=NO, SESSIONNAME=Console, ALLUSERSPROFILE=C:\ProgramData, PROCESSOR_ARCHITECTURE=AMD64, PSModulePath=C:\Windows\system32\WindowsPowerShell\v1.0\Modules\, SystemDrive=C:, VS100COMNTOOLS=d:\IT program\vs2010\Common7\Tools\, MAVEN_HOME=D:\IT program\apache-maven-3.2.3, MOZ_PLUGIN_PATH=D:\Program\fuxin\Foxit Reader\plugins\, USERNAME=Administrator, ProgramFiles(x86)=C:\Program Files (x86), PATHEXT=.COM;.EXE;.BAT;.CMD;.VBS;.VBE;.JS;.JSE;.WSF;.WSH;.MSC, _DFX_INSTALL_UNSIGNED_DRIVER=1, ProgramData=C:\ProgramData, ProgramW6432=C:\Program Files, HOMEPATH=\Users\Administrator, MYSQL_HOME=D:\IT program\mysql-5.6.24-win32, PROCESSOR_IDENTIFIER=Intel64 Family 6 Model 60 Stepping 3, GenuineIntel, ProgramFiles=C:\Program Files, PUBLIC=C:\Users\Public, windir=C:\Windows, =::=::\, LOCALAPPDATA=C:\Users\Administrator\AppData\Local, USERDOMAIN=QH-20151024QRMQ, LOGONSERVER=\\QH-20151024QRMQ, JAVA_HOME=C:\Program Files\Java\jdk1.8.0_191, GRADLE_HOME=D:\IT program\gradle-4.8, ANT_HOME=D:\IT program\apache-ant-1.10.1, APPDATA=C:\Users\Administrator\AppData\Roaming, windows_tracing_logfile=C:\BVTBin\Tests\installpackage\csilogfile.log, SCALA_HOME=F:\scala\scala-2.12.1\bin, VBOX_MSI_INSTALL_PATH=C:\Program Files\Oracle\VirtualBox\, CommonProgramFiles=C:\Program Files\Common Files, Path=C:\ProgramData\Oracle\Java\javapath;C:\Windows\system32;C:\Windows;C:\Windows\System32\Wbem;C:\Windows\System32\WindowsPowerShell\v1.0\;C:\Program Files\Java\jdk1.8.0_191\bin;C:\Program Files\Java\jdk1.8.0_191\jre\bin;C:\Program Files (x86)\Microsoft SQL Server\100\Tools\Binn\;C:\Program Files\Microsoft SQL Server\100\Tools\Binn\;C:\Program Files\Microsoft SQL Server\100\DTS\Binn\;C:\Program Files (x86)\Microsoft SQL Server\80\Tools\Binn\;C:\Program Files\Microsoft SQL Server\90\DTS\Binn\;C:\Program Files\Microsoft SQL Server\90\Tools\binn\;C:\Program Files (x86)\Microsoft SQL Server\90\Tools\binn\;C:\Program Files (x86)\Microsoft SQL Server\90\DTS\Binn\;C:\Program Files (x86)\Microsoft SQL Server\90\Tools\Binn\VSShell\Common7\IDE\;C:\Program Files (x86)\Microsoft Visual Studio 8\Common7\IDE\PrivateAssemblies\;D:\IT program\apache-maven-3.2.3\bin;D:\IT program\mysql-5.6.24-win32\bin;C:\Python34;D:\Program Files\MATLAB\runtime\win64;D:\Program Files\MATLAB\bin;D:\Program Files\MATLAB\polyspace\bin;D:\IT program\apache-ant-1.10.1\bin;F:\scala\scala-2.12.1\bin;D:\IT program\android-sdk_r24.3.2-windows\platform-tools;D:\IT program\android-sdk_r24.3.2-windows\tools;D:\IT program\gradle-4.8\bin;C:\Program Files\dotnet\;C:\Program Files\Microsoft SQL Server\130\Tools\Binn\;C:\Program Files\Git\cmd;C:\Users\Administrator\AppData\Local\Programs\Python\Python37-32;;C:\Program Files\Boot2Docker for Windows, ANDROID_SDK_HOME=D:\IT program\android-sdk_r24.3.2-windows, OS=Windows_NT, windows_tracing_flags=3, COMPUTERNAME=QH-20151024QRMQ, PROCESSOR_REVISION=3c03, CLASSPATH=.;C:\Program Files\Java\jdk1.8.0_191\lib\dt.jar;C:\Program Files\Java\jdk1.8.0_191\lib\tools.jar;, CommonProgramW6432=C:\Program Files\Common Files, ComSpec=C:\Windows\system32\cmd.exe, SystemRoot=C:\Windows, TEMP=C:\Users\ADMINI~1\AppData\Local\Temp, HOMEDRIVE=C:, USERPROFILE=C:\Users\Administrator, TMP=C:\Users\ADMINI~1\AppData\Local\Temp, CommonProgramFiles(x86)=C:\Program Files (x86)\Common Files, NUMBER_OF_PROCESSORS=4, IDEA_INITIAL_DIRECTORY=F:\IntelliJ IDEA 2019.3.1\bin}}]
22:37:14.473 [Test worker] DEBUG org.springframework.test.context.support.TestPropertySourceUtils - Adding inlined properties to environment: {spring.jmx.enabled=false, org.springframework.boot.test.context.SpringBootTestContextBootstrapper=true, server.port=-1}
22:37:14.473 [Test worker] DEBUG org.springframework.core.env.StandardEnvironment - Adding PropertySource 'Inlined Test Properties' with highest search precedence

  .   ____          _            __ _ _
 /\\ / ___'_ __ _ _(_)_ __  __ _ \ \ \ \
( ( )\___ | '_ | '_| | '_ \/ _` | \ \ \ \
 \\/  ___)| |_)| | | | | || (_| |  ) ) ) )
  '  |____| .__|_| |_|_| |_\__, | / / / /
 =========|_|==============|___/=/_/_/_/
 :: Spring Boot ::        (v2.0.3.RELEASE)

2020-04-08 22:37:14.725  INFO 6492 --- [    Test worker] demo.Test1                               : Starting Test1 on QH-20151024QRMQ with PID 6492 (started by Administrator in F:\workspace\demo\JavaDemo\demo-redis-bitmap)
2020-04-08 22:37:14.727  INFO 6492 --- [    Test worker] demo.Test1                               : No active profile set, falling back to default profiles: default
2020-04-08 22:37:14.757  INFO 6492 --- [    Test worker] s.c.a.AnnotationConfigApplicationContext : Refreshing org.springframework.context.annotation.AnnotationConfigApplicationContext@ddefc43: startup date [Wed Apr 08 22:37:14 CST 2020]; root of context hierarchy
2020-04-08 22:37:15.209  INFO 6492 --- [    Test worker] .s.d.r.c.RepositoryConfigurationDelegate : Multiple Spring Data modules found, entering strict repository configuration mode!
2020-04-08 22:37:16.115  INFO 6492 --- [    Test worker] demo.Test1                               : Started Test1 in 1.639 seconds (JVM running for 3.313)
2020-04-08 22:37:16.296  INFO 6492 --- [    Test worker] io.lettuce.core.EpollProvider            : Starting without optional epoll library
2020-04-08 22:37:16.297  INFO 6492 --- [    Test worker] io.lettuce.core.KqueueProvider           : Starting without optional kqueue library
Login_20190116 用户:999 登陆
Login_20190104 用户:999 登陆
Login_20190127 用户:999 登陆
Login_20190124 用户:999 登陆
Login_20190125 用户:999 登陆
Login_20190118 用户:999 登陆
Login_20190115 用户:999 登陆
Login_20190113 用户:999 登陆
Login_20190109 用户:999 登陆
Login_20190101 用户:999 登陆
Login_20190103 用户:999 登陆
]]></system-out>
  <system-err><![CDATA[]]></system-err>
</testsuite>
